
> paragraphui@0.1.0 build
> next build

   ▲ Next.js 15.1.7
   - Environments: .env

   Creating an optimized production build ...
 ✓ Compiled successfully
   Linting and checking validity of types ...
   Collecting page data ...
   Generating static pages (0/9) ...
   Generating static pages (2/9) 
   Generating static pages (4/9) 
   Generating static pages (6/9) 
 ✓ Generating static pages (9/9)
   Finalizing page optimization ...
   Collecting build traces ...

Route (app)                              Size     First Load JS
┌ ƒ /                                    5.46 kB         115 kB
├ ƒ /_not-found                          981 B           106 kB
├ ƒ /api/auth/google/callback            142 B           106 kB
├ ƒ /api/auth/signout                    142 B           106 kB
├ ƒ /auth/sign-in                        2.04 kB         120 kB
├ ƒ /auth/sign-up                        2.11 kB         120 kB
└ ƒ /blog/[slug]/[id]                    19.2 kB         147 kB
+ First Load JS shared by all            105 kB
  ├ chunks/855-b3010f1514a3c1ec.js       50.5 kB
  ├ chunks/87c73c54-877692f06af4a670.js  52.9 kB
  └ other shared chunks (total)          1.98 kB


ƒ  (Dynamic)  server-rendered on demand

